<?xml version="1.0" encoding="UTF-8"?>
<!-- Generated by org.testng.reporters.JUnitReportReporter -->
<testsuite hostname="Yoga" failures="0" tests="7" name="com.indium.uber.qa.tests.HomePageHeadingsTest" time="18.608" errors="0" timestamp="2025-06-29T10:31:15 IST" skipped="0">
  <testcase classname="com.indium.uber.qa.tests.HomePageHeadingsTest" name="get_schedule_Rides_headingtext" time="1.964"/>
  <testcase classname="com.indium.uber.qa.tests.HomePageHeadingsTest" name="Cheak_Heading" time="2.219"/>
  <testcase classname="com.indium.uber.qa.tests.HomePageHeadingsTest" name="get_Plan_Later_headingtext" time="4.390"/>
  <testcase classname="com.indium.uber.qa.tests.HomePageHeadingsTest" name="get_Business_With_Uber_headingtext" time="2.329"/>
  <testcase classname="com.indium.uber.qa.tests.HomePageHeadingsTest" name="get_ways_of_rides_headingtext" time="2.585"/>
  <testcase classname="com.indium.uber.qa.tests.HomePageHeadingsTest" name="get_Car_Rent_headingtext" time="2.664"/>
  <testcase classname="com.indium.uber.qa.tests.HomePageHeadingsTest" name="get_Login_headingtext" time="2.457"/>
</testsuite> <!-- com.indium.uber.qa.tests.HomePageHeadingsTest -->
