<?xml version="1.0" encoding="UTF-8"?>
<!-- Generated by org.testng.reporters.JUnitReportReporter -->
<testsuite hostname="Yoga" failures="0" tests="8" name="com.indium.uber.qa.tests.HomePageHeadingsTest" time="21.985" errors="0" timestamp="2025-06-29T12:40:26 IST" skipped="0">
  <testcase classname="com.indium.uber.qa.tests.HomePageHeadingsTest" name="get_Login_headingtext" time="2.458"/>
  <testcase classname="com.indium.uber.qa.tests.HomePageHeadingsTest" name="get_Plan_Later_headingtext" time="4.266"/>
  <testcase classname="com.indium.uber.qa.tests.HomePageHeadingsTest" name="get_ways_of_rides_headingtext" time="2.362"/>
  <testcase classname="com.indium.uber.qa.tests.HomePageHeadingsTest" name="get_App_Download_headingtext" time="2.356"/>
  <testcase classname="com.indium.uber.qa.tests.HomePageHeadingsTest" name="get_Car_Rent_headingtext" time="2.389"/>
  <testcase classname="com.indium.uber.qa.tests.HomePageHeadingsTest" name="get_Business_With_Uber_headingtext" time="3.327"/>
  <testcase classname="com.indium.uber.qa.tests.HomePageHeadingsTest" name="Cheak_Heading" time="2.403"/>
  <testcase classname="com.indium.uber.qa.tests.HomePageHeadingsTest" name="get_schedule_Rides_headingtext" time="2.424"/>
</testsuite> <!-- com.indium.uber.qa.tests.HomePageHeadingsTest -->
